0 info it worked if it ends with ok
1 verbose cli [ '/usr/local/bin/node',
1 verbose cli   '/Users/Emerson/.npm-packages/bin/npm',
1 verbose cli   'start' ]
2 info using npm@4.0.2
3 info using node@v8.0.0
4 verbose run-script [ 'prestart', 'start', 'poststart' ]
5 info lifecycle node-js-getting-started@0.0.2~prestart: node-js-getting-started@0.0.2
6 silly lifecycle node-js-getting-started@0.0.2~prestart: no script for prestart, continuing
7 info lifecycle node-js-getting-started@0.0.2~start: node-js-getting-started@0.0.2
8 verbose lifecycle node-js-getting-started@0.0.2~start: unsafe-perm in lifecycle true
9 verbose lifecycle node-js-getting-started@0.0.2~start: PATH: /Users/Emerson/.npm-packages/lib/node_modules/npm/bin/node-gyp-bin:/Users/Emerson/Documents/WebDev/supremebot/Supreme-Bot Server/node_modules/.bin:/Users/Emerson/.npm-packages/bin:/Library/Frameworks/Python.framework/Versions/3.6/bin:/Library/Frameworks/Python.framework/Versions/3.5/bin:/usr/local/bin:/usr/bin:/bin:/usr/sbin:/sbin:/Library/Frameworks/Mono.framework/Versions/Current/Commands
10 verbose lifecycle node-js-getting-started@0.0.2~start: CWD: /Users/Emerson/Documents/WebDev/supremebot/Supreme-Bot Server
11 silly lifecycle node-js-getting-started@0.0.2~start: Args: [ '-c', 'node app.js' ]
12 silly lifecycle node-js-getting-started@0.0.2~start: Returned: code: 1  signal: null
13 info lifecycle node-js-getting-started@0.0.2~start: Failed to exec start script
14 verbose stack Error: node-js-getting-started@0.0.2 start: `node app.js`
14 verbose stack Exit status 1
14 verbose stack     at EventEmitter.<anonymous> (/Users/Emerson/.npm-packages/lib/node_modules/npm/lib/utils/lifecycle.js:279:16)
14 verbose stack     at emitTwo (events.js:125:13)
14 verbose stack     at EventEmitter.emit (events.js:213:7)
14 verbose stack     at ChildProcess.<anonymous> (/Users/Emerson/.npm-packages/lib/node_modules/npm/lib/utils/spawn.js:40:14)
14 verbose stack     at emitTwo (events.js:125:13)
14 verbose stack     at ChildProcess.emit (events.js:213:7)
14 verbose stack     at maybeClose (internal/child_process.js:887:16)
14 verbose stack     at Process.ChildProcess._handle.onexit (internal/child_process.js:208:5)
15 verbose pkgid node-js-getting-started@0.0.2
16 verbose cwd /Users/Emerson/Documents/WebDev/supremebot/Supreme-Bot Server
17 error Darwin 16.7.0
18 error argv "/usr/local/bin/node" "/Users/Emerson/.npm-packages/bin/npm" "start"
19 error node v8.0.0
20 error npm  v4.0.2
21 error code ELIFECYCLE
22 error node-js-getting-started@0.0.2 start: `node app.js`
22 error Exit status 1
23 error Failed at the node-js-getting-started@0.0.2 start script 'node app.js'.
23 error Make sure you have the latest version of node.js and npm installed.
23 error If you do, this is most likely a problem with the node-js-getting-started package,
23 error not with npm itself.
23 error Tell the author that this fails on your system:
23 error     node app.js
23 error You can get information on how to open an issue for this project with:
23 error     npm bugs node-js-getting-started
23 error Or if that isn't available, you can get their info via:
23 error     npm owner ls node-js-getting-started
23 error There is likely additional logging output above.
24 verbose exit [ 1, true ]
